<?xml version="1.0" encoding="UTF-8" ?>
<testsuite errors="0" failures="0" hostname="GoD-PC" name="HiddenKeywordTest" tests="7" time="0.073" timestamp="2555-10-25T07:39:54">
  <properties>
[...]
</properties>
  <testcase classname="HiddenKeywordTest" name="testCorrectGuessDuplicateLetters" time="0.005" />
  <testcase classname="HiddenKeywordTest" name="testToString" time="0.0" />
  <testcase classname="HiddenKeywordTest" name="testGuess" time="0.0" />
  <testcase classname="HiddenKeywordTest" name="testFound" time="0.0" />
  <testcase classname="HiddenKeywordTest" name="testConstructor" time="0.0" />
  <testcase classname="HiddenKeywordTest" name="testWrongGuess" time="0.0" />
  <testcase classname="HiddenKeywordTest" name="testNotYetFound" time="0.0" />
  <system-out><![CDATA[Letters found:3/3
Letters found:1/3
]]></system-out>
  <system-err><![CDATA[]]></system-err>
</testsuite>
